c:\programdata\nvidia corporation\cuda samples\v10.1\2_graphics\simpled3d12\x64\debug\vc142.pdb
c:\programdata\nvidia corporation\cuda samples\v10.1\2_graphics\simpled3d12\x64\debug\vc142.idb
c:\programdata\nvidia corporation\cuda samples\v10.1\2_graphics\simpled3d12\x64\debug\stdafx.obj
c:\programdata\nvidia corporation\cuda samples\v10.1\2_graphics\simpled3d12\x64\debug\simpled3d12.obj
c:\programdata\nvidia corporation\cuda samples\v10.1\2_graphics\simpled3d12\x64\debug\win32application.obj
c:\programdata\nvidia corporation\cuda samples\v10.1\2_graphics\simpled3d12\x64\debug\main.obj
c:\programdata\nvidia corporation\cuda samples\v10.1\2_graphics\simpled3d12\x64\debug\dx12cudasample.obj
c:\programdata\nvidia corporation\cuda samples\v10.1\bin\win64\debug\simpled3d12.pdb
c:\programdata\nvidia corporation\cuda samples\v10.1\bin\win64\debug\simpled3d12.lib
c:\programdata\nvidia corporation\cuda samples\v10.1\bin\win64\debug\simpled3d12.exp
c:\programdata\nvidia corporation\cuda samples\v10.1\2_graphics\simpled3d12\x64\debug\texturekernel.cu.cache
c:\programdata\nvidia corporation\cuda samples\v10.1\2_graphics\simpled3d12\x64\debug\texturekernel.cu.obj
c:\programdata\nvidia corporation\cuda samples\v10.1\2_graphics\simpled3d12\../../bin/win64/debug/simpled3d12.exe
c:\programdata\nvidia corporation\cuda samples\v10.1\2_graphics\simpled3d12\x64\debug\simpled3d12.tlog\cl.command.1.tlog
c:\programdata\nvidia corporation\cuda samples\v10.1\2_graphics\simpled3d12\x64\debug\simpled3d12.tlog\cl.read.1.tlog
c:\programdata\nvidia corporation\cuda samples\v10.1\2_graphics\simpled3d12\x64\debug\simpled3d12.tlog\cl.write.1.tlog
c:\programdata\nvidia corporation\cuda samples\v10.1\2_graphics\simpled3d12\x64\debug\simpled3d12.tlog\cudacompile.read.1u.tlog
c:\programdata\nvidia corporation\cuda samples\v10.1\2_graphics\simpled3d12\x64\debug\simpled3d12.tlog\cudacompile.write.1u.tlog
c:\programdata\nvidia corporation\cuda samples\v10.1\2_graphics\simpled3d12\x64\debug\simpled3d12.tlog\fxc.command.1.tlog
c:\programdata\nvidia corporation\cuda samples\v10.1\2_graphics\simpled3d12\x64\debug\simpled3d12.tlog\fxc.read.1.tlog
c:\programdata\nvidia corporation\cuda samples\v10.1\2_graphics\simpled3d12\x64\debug\simpled3d12.tlog\fxc.write.1.tlog
c:\programdata\nvidia corporation\cuda samples\v10.1\2_graphics\simpled3d12\x64\debug\simpled3d12.tlog\link.command.1.tlog
c:\programdata\nvidia corporation\cuda samples\v10.1\2_graphics\simpled3d12\x64\debug\simpled3d12.tlog\link.read.1.tlog
c:\programdata\nvidia corporation\cuda samples\v10.1\2_graphics\simpled3d12\x64\debug\simpled3d12.tlog\link.write.1.tlog
c:\programdata\nvidia corporation\cuda samples\v10.1\2_graphics\simpled3d12\x64\debug\simpled3d12.tlog\simpled3d12.write.1u.tlog
